SF:lib/theme/cubit/theme_cubit.dart
DA:7,2
DA:11,1
DA:12,2
DA:15,1
DA:17,3
DA:20,1
DA:22,3
DA:27,1
DA:28,1
DA:29,1
DA:31,1
DA:33,1
DA:35,1
DA:37,1
LF:14
LH:14
end_of_record
SF:lib/weather/models/weather.dart
DA:11,2
DA:13,4
DA:18,7
DA:20,2
DA:21,2
DA:25,4
DA:27,1
DA:28,2
DA:33,2
DA:40,2
DA:41,2
DA:43,1
DA:44,1
DA:45,2
DA:47,2
DA:48,1
DA:49,1
DA:51,1
DA:52,2
DA:56,6
DA:58,2
DA:68,1
DA:70,5
DA:72,4
DA:74,1
DA:80,1
DA:81,1
DA:82,1
DA:83,1
DA:84,0
LF:30
LH:29
end_of_record
SF:lib/weather/models/weather.g.dart
DA:9,4
DA:12,2
DA:13,2
DA:14,6
DA:20,2
DA:21,2
DA:22,2
DA:25,4
DA:28,2
DA:29,2
DA:30,2
DA:31,4
DA:32,2
DA:33,4
DA:34,4
DA:35,2
DA:36,4
DA:43,4
DA:44,4
DA:45,4
DA:46,2
DA:47,4
LF:22
LH:22
end_of_record
SF:lib/weather/cubit/weather_state.dart
DA:6,0
DA:7,0
DA:8,4
DA:9,0
DA:14,2
DA:18,2
DA:20,2
DA:21,2
DA:27,1
DA:32,1
DA:33,1
DA:34,1
DA:35,1
DA:39,4
DA:41,1
DA:42,4
LF:16
LH:13
end_of_record
SF:lib/weather/cubit/weather_cubit.dart
DA:12,6
DA:16,1
DA:17,1
DA:18,3
DA:20,1
DA:21,2
DA:23,2
DA:24,1
DA:25,3
DA:26,2
DA:28,1
DA:29,2
DA:32,2
DA:35,1
DA:36,3
DA:40,1
DA:41,3
DA:42,4
DA:44,1
DA:45,5
DA:47,2
DA:48,1
DA:49,3
DA:50,2
DA:52,1
DA:53,2
DA:56,2
DA:59,1
DA:60,2
DA:64,1
DA:65,3
DA:69,3
DA:70,3
DA:74,2
DA:75,2
DA:76,1
DA:77,1
DA:78,2
DA:79,2
DA:80,1
DA:81,2
DA:83,2
DA:89,2
DA:91,2
DA:93,2
DA:94,2
DA:98,4
DA:99,4
LF:48
LH:48
end_of_record
SF:lib/weather/cubit/weather_cubit.g.dart
DA:9,2
DA:10,2
DA:13,2
DA:14,2
DA:15,2
DA:17,2
DA:18,2
DA:20,2
DA:22,2
DA:23,2
DA:25,2
DA:27,2
DA:29,2
DA:36,2
DA:37,2
DA:38,4
DA:39,4
DA:41,4
LF:18
LH:18
end_of_record
SF:lib/search/search_page.dart
DA:5,1
DA:7,1
DA:8,2
DA:11,1
DA:12,1
DA:18,3
DA:20,1
DA:22,1
DA:23,1
DA:24,1
DA:26,1
DA:27,1
DA:28,1
DA:29,1
DA:30,1
DA:32,1
DA:33,1
DA:41,1
DA:44,4
DA:54,1
DA:56,2
DA:57,1
LF:22
LH:22
end_of_record
SF:lib/settings/settings_page.dart
DA:7,1
DA:9,1
DA:10,1
DA:11,2
DA:18,1
DA:20,1
DA:21,1
DA:22,1
DA:23,1
DA:24,1
DA:25,0
DA:26,0
DA:27,1
DA:28,1
DA:34,1
DA:35,2
DA:36,0
LF:17
LH:14
end_of_record
SF:lib/weather/ui/weather_page.dart
DA:8,1
DA:10,1
DA:12,1
DA:13,1
DA:14,2
LF:5
LH:5
end_of_record
SF:lib/weather/ui/weather_view.dart
DA:16,2
DA:18,1
DA:19,1
DA:23,1
DA:25,1
DA:26,2
DA:28,0
DA:30,0
DA:31,0
DA:34,0
DA:35,0
DA:36,0
DA:38,0
DA:39,0
DA:43,0
DA:49,0
DA:50,0
DA:53,0
DA:55,0
DA:57,0
DA:66,1
DA:68,1
DA:70,1
DA:71,1
DA:72,1
DA:74,1
DA:75,2
DA:76,2
DA:82,1
DA:83,1
DA:84,1
DA:85,2
DA:86,3
DA:89,1
DA:90,1
DA:91,1
DA:93,1
DA:94,3
DA:97,0
DA:99,0
DA:100,0
DA:101,0
DA:102,0
DA:103,0
DA:104,0
DA:111,1
DA:112,1
DA:113,1
DA:114,1
DA:115,1
DA:116,2
DA:119,1
DA:125,1
DA:127,1
DA:129,3
DA:130,2
DA:131,2
LF:57
LH:36
end_of_record
SF:lib/weather/ui/weather_empty.dart
DA:4,2
DA:6,1
DA:8,1
DA:9,1
DA:11,1
DA:13,1
DA:15,2
LF:7
LH:7
end_of_record
SF:lib/weather/ui/weather_error.dart
DA:4,1
DA:6,1
DA:8,1
DA:9,1
DA:11,1
DA:13,1
DA:15,2
LF:7
LH:7
end_of_record
SF:lib/weather/ui/weather_loading.dart
DA:4,1
DA:6,1
DA:8,1
DA:9,1
DA:11,1
DA:13,1
DA:15,2
LF:7
LH:7
end_of_record
SF:lib/weather/ui/weather_populated.dart
DA:6,1
DA:17,1
DA:19,1
DA:20,1
DA:21,1
DA:22,1
DA:23,1
DA:24,1
DA:25,1
DA:28,1
DA:29,1
DA:30,1
DA:32,3
DA:33,1
DA:34,2
DA:35,3
DA:39,1
DA:40,3
DA:41,3
DA:45,1
DA:46,5
DA:59,1
DA:65,1
DA:67,1
DA:68,2
DA:75,1
DA:77,1
DA:79,1
DA:81,1
DA:83,1
DA:85,1
DA:92,1
DA:94,3
DA:95,1
DA:96,1
DA:97,1
DA:98,1
DA:102,1
DA:104,1
DA:105,1
DA:106,1
DA:116,1
DA:118,3
DA:121,1
DA:122,1
DA:123,1
DA:124,6
DA:125,6
DA:126,6
DA:132,1
DA:133,5
LF:51
LH:51
end_of_record
