SF:lib/data/repositories/ai_repository.dart
DA:5,0
DA:9,0
DA:10,0
LF:3
LH:0
end_of_record
SF:lib/entities/enums/temperature_units.dart
DA:5,2
DA:7,4
LF:2
LH:2
end_of_record
SF:lib/entities/temperature.dart
DA:8,6
DA:10,0
DA:11,0
DA:15,2
DA:17,1
DA:18,2
LF:6
LH:4
end_of_record
SF:lib/entities/temperature.g.dart
DA:9,0
DA:12,0
DA:13,0
DA:14,0
DA:20,1
DA:21,1
DA:22,1
LF:7
LH:3
end_of_record
SF:lib/entities/weather.dart
DA:12,5
DA:21,0
DA:22,0
DA:24,0
DA:25,0
DA:26,0
DA:28,0
DA:30,0
DA:31,0
DA:33,0
DA:34,0
DA:36,0
DA:55,1
DA:56,1
DA:57,1
DA:58,1
DA:59,1
DA:60,1
DA:61,1
DA:62,1
DA:65,1
DA:67,3
DA:68,2
DA:69,1
DA:72,2
DA:74,2
DA:82,2
DA:83,2
DA:84,2
DA:85,2
DA:86,1
DA:87,1
DA:88,1
DA:91,0
DA:92,0
DA:94,0
DA:96,5
LF:37
LH:23
end_of_record
SF:lib/entities/weather.g.dart
DA:9,0
DA:12,0
DA:13,0
DA:14,0
DA:15,0
DA:16,0
DA:17,0
DA:18,0
DA:19,0
DA:20,0
DA:21,0
DA:22,0
DA:23,0
DA:34,2
DA:35,2
DA:36,2
DA:37,1
DA:38,2
DA:40,2
DA:41,1
LF:20
LH:7
end_of_record
SF:lib/weather/bloc/weather_event.dart
DA:5,8
DA:7,0
DA:8,0
DA:12,2
DA:16,0
DA:17,0
DA:21,5
DA:25,3
LF:8
LH:4
end_of_record
SF:lib/weather/bloc/weather_state.dart
DA:5,7
DA:15,1
DA:16,4
DA:21,4
DA:23,0
DA:24,0
DA:26,4
DA:28,0
DA:29,0
DA:34,6
DA:36,0
DA:37,0
DA:39,2
DA:41,0
DA:45,0
DA:46,0
DA:47,0
DA:50,1
DA:51,3
DA:56,3
DA:58,0
DA:59,0
DA:61,2
DA:63,1
DA:67,1
DA:68,0
DA:69,1
DA:72,1
DA:73,3
DA:78,3
DA:80,0
DA:81,0
DA:83,2
DA:85,1
DA:86,2
LF:35
LH:20
end_of_record
SF:lib/weather/bloc/weather_bloc.dart
DA:19,2
DA:20,2
DA:21,4
DA:22,4
DA:23,4
DA:29,0
DA:31,0
DA:33,2
DA:34,2
DA:36,1
DA:40,2
DA:41,1
DA:44,1
DA:46,0
DA:47,3
DA:49,0
DA:50,0
DA:51,0
DA:52,0
DA:53,0
DA:54,0
DA:58,0
DA:59,0
DA:60,0
DA:63,0
DA:64,0
DA:66,1
DA:67,3
DA:71,1
DA:75,2
DA:76,1
DA:80,3
DA:81,1
DA:84,1
DA:85,1
DA:86,2
DA:87,2
DA:91,2
DA:92,3
DA:95,0
DA:97,0
DA:98,0
DA:99,0
DA:100,0
DA:102,0
DA:103,0
DA:104,0
DA:105,0
DA:111,0
DA:112,0
DA:115,0
DA:116,0
DA:118,1
DA:119,3
DA:123,1
DA:124,4
DA:127,2
DA:128,1
DA:129,1
DA:130,2
DA:131,2
DA:133,2
DA:134,1
DA:135,2
DA:136,1
DA:137,1
DA:142,2
DA:143,0
DA:144,0
DA:145,0
DA:146,0
DA:156,4
DA:158,4
LF:73
LH:42
end_of_record
SF:lib/weather/bloc/weather_bloc.g.dart
DA:9,0
DA:10,0
DA:13,0
DA:14,0
DA:19,2
DA:20,2
DA:22,0
DA:23,0
DA:26,0
DA:27,0
DA:32,1
DA:34,1
DA:36,0
DA:37,0
DA:40,0
DA:41,0
DA:42,0
DA:44,0
DA:46,0
DA:48,0
DA:55,1
DA:56,1
DA:57,2
DA:58,1
DA:61,0
DA:62,0
DA:65,0
DA:66,0
DA:67,0
DA:73,1
DA:74,1
DA:75,1
LF:32
LH:11
end_of_record
SF:lib/data/data_sources/remote/remote_data_source.dart
DA:7,0
DA:9,0
DA:10,0
DA:13,0
DA:14,0
DA:15,0
DA:18,0
DA:22,0
DA:23,0
DA:25,0
DA:26,0
DA:27,0
DA:29,0
DA:30,0
LF:14
LH:0
end_of_record
SF:lib/res/theme/cubit/theme_cubit.dart
DA:7,2
DA:11,1
DA:12,2
DA:15,1
DA:17,3
DA:20,1
DA:22,3
DA:27,1
DA:28,1
DA:29,1
DA:31,1
DA:33,1
DA:35,1
DA:37,1
LF:14
LH:14
end_of_record
SF:lib/privacy_policy/email_text.dart
DA:5,4
DA:9,0
DA:11,0
DA:12,0
DA:13,0
DA:15,0
DA:16,0
DA:18,0
DA:20,0
DA:21,0
DA:22,0
DA:23,0
DA:24,0
DA:25,0
DA:26,0
LF:15
LH:1
end_of_record
SF:lib/privacy_policy/privacy_policy_android_page.dart
DA:7,2
DA:9,0
DA:11,0
DA:12,0
DA:18,0
DA:20,0
DA:22,0
DA:28,0
DA:29,0
DA:30,0
DA:31,0
DA:98,0
DA:99,0
DA:100,0
LF:14
LH:1
end_of_record
SF:lib/privacy_policy/privacy_policy_page.dart
DA:6,2
DA:8,0
DA:10,0
DA:11,0
DA:14,0
DA:16,0
DA:18,0
DA:24,0
DA:25,0
DA:26,0
DA:27,0
DA:85,0
DA:86,0
DA:87,0
LF:14
LH:1
end_of_record
SF:lib/res/widgets/background.dart
DA:4,6
DA:6,1
DA:8,3
DA:9,1
DA:10,1
DA:11,1
DA:12,1
DA:16,1
DA:18,1
DA:19,1
DA:20,1
DA:30,1
DA:32,3
DA:35,1
DA:36,1
DA:37,1
DA:38,6
DA:39,6
DA:40,6
LF:19
LH:19
end_of_record
SF:lib/router/routes.dart
DA:9,3
DA:10,2
DA:11,2
DA:12,2
DA:13,1
DA:14,1
LF:6
LH:6
end_of_record
SF:lib/search/search_page.dart
DA:5,2
DA:7,1
DA:8,1
DA:14,0
DA:16,1
DA:18,1
DA:19,1
DA:21,1
DA:23,1
DA:24,1
DA:25,1
DA:27,1
DA:29,1
DA:32,1
DA:34,1
DA:36,2
DA:38,1
DA:40,2
DA:43,1
DA:44,1
DA:45,1
DA:48,1
DA:49,1
DA:55,1
DA:56,1
DA:58,1
DA:63,1
DA:65,3
DA:66,0
DA:81,1
DA:83,2
DA:84,1
LF:32
LH:30
end_of_record
SF:lib/settings/settings_page.dart
DA:10,2
DA:12,1
DA:14,1
DA:16,1
DA:17,1
DA:18,1
DA:20,1
DA:22,1
DA:23,1
DA:24,1
DA:25,0
DA:26,0
DA:27,0
DA:28,1
DA:29,1
DA:31,1
DA:32,1
DA:34,1
DA:42,1
DA:43,3
DA:44,0
DA:45,0
DA:46,0
DA:53,1
DA:55,1
DA:56,1
DA:58,1
DA:59,1
DA:60,1
DA:68,0
DA:70,0
DA:71,0
DA:72,0
DA:82,4
LF:34
LH:24
end_of_record
SF:lib/weather/ui/weather_page.dart
DA:14,3
DA:16,1
DA:17,1
DA:25,1
DA:27,1
DA:28,4
DA:31,1
DA:33,1
DA:35,1
DA:36,1
DA:37,1
DA:39,2
DA:41,1
DA:46,1
DA:47,1
DA:48,0
DA:49,0
DA:50,0
DA:53,1
DA:55,1
DA:57,1
DA:58,3
DA:61,0
DA:62,0
DA:63,0
DA:67,1
DA:68,0
DA:72,0
DA:73,0
DA:74,0
DA:75,0
DA:76,0
DA:81,0
DA:82,0
DA:83,0
DA:84,0
DA:97,1
DA:98,2
DA:103,1
DA:104,1
DA:110,1
DA:111,1
DA:112,1
DA:113,1
DA:116,0
DA:117,0
DA:123,0
DA:127,0
DA:129,0
DA:132,0
DA:134,0
DA:136,0
DA:138,0
DA:141,0
DA:143,0
DA:146,0
DA:153,0
DA:154,0
DA:158,0
DA:165,0
DA:167,0
DA:169,0
DA:174,0
DA:175,0
DA:176,0
DA:180,0
DA:182,0
LF:67
LH:28
end_of_record
SF:lib/settings/google_play_badge.dart
DA:5,2
DA:14,0
DA:16,0
DA:17,0
DA:18,0
DA:19,0
DA:20,0
DA:21,0
DA:22,0
DA:26,0
LF:10
LH:1
end_of_record
SF:lib/weather/ui/outfit_widget.dart
DA:9,0
DA:18,0
DA:20,0
DA:22,0
DA:25,0
DA:26,0
DA:27,0
DA:28,0
DA:30,0
DA:37,0
DA:38,0
DA:43,0
DA:44,0
DA:45,0
DA:50,0
DA:51,0
DA:52,0
DA:58,0
DA:59,0
DA:60,0
DA:61,0
DA:62,0
DA:63,0
DA:64,0
DA:65,0
LF:25
LH:0
end_of_record
SF:lib/weather/ui/weather_empty.dart
DA:4,2
DA:6,1
DA:8,1
DA:9,1
DA:11,1
DA:13,1
DA:15,2
DA:17,1
DA:19,2
LF:9
LH:9
end_of_record
SF:lib/weather/ui/weather_error.dart
DA:4,1
DA:8,1
DA:10,1
DA:11,1
DA:13,1
DA:15,1
DA:17,2
DA:20,1
DA:21,1
DA:22,2
LF:10
LH:10
end_of_record
SF:lib/weather/ui/weather_loading_widget.dart
DA:4,2
DA:6,1
DA:8,1
DA:9,1
DA:11,1
DA:12,1
DA:13,1
DA:15,2
DA:25,1
DA:28,3
DA:31,1
DA:32,2
LF:12
LH:12
end_of_record
SF:lib/weather/ui/weather_populated.dart
DA:8,0
DA:19,0
DA:21,0
DA:22,0
DA:23,0
DA:24,0
DA:26,0
DA:27,0
DA:28,0
DA:32,0
DA:33,0
DA:34,0
DA:36,0
DA:37,0
DA:39,0
DA:40,0
DA:41,0
DA:42,0
DA:45,0
DA:46,0
DA:47,0
DA:53,0
DA:54,0
DA:55,0
DA:59,0
DA:60,0
DA:63,0
LF:27
LH:0
end_of_record
SF:lib/weather/ui/weather_icon.dart
DA:5,0
DA:11,0
DA:13,0
DA:14,0
LF:4
LH:0
end_of_record
